<?xml version="1.0" encoding="UTF-8"?>
<testng-results ignored="0" total="2" passed="2" failed="0" skipped="0">
  <reporter-output>
  </reporter-output>
  <suite started-at="2023-08-16T21:23:59 EDT" name="Default suite" finished-at="2023-08-16T21:24:30 EDT" duration-ms="30658">
    <groups>
    </groups>
    <test started-at="2023-08-16T21:23:59 EDT" name="Default test" finished-at="2023-08-16T21:24:30 EDT" duration-ms="30658">
      <class name="com.crm.qa.testcases.LoginTest">
        <test-method is-config="true" signature="setUp()[pri:0, instance:com.crm.qa.testcases.LoginTest@3012646b]" started-at="2023-08-16T21:24:00 EDT" name="setUp" finished-at="2023-08-16T21:24:06 EDT" duration-ms="6113" status="PASS">
          <reporter-output>
          </reporter-output>
        </test-method> <!-- setUp -->
        <test-method signature="createNewUserAccount(java.lang.String,java.lang.String,java.lang.String)[pri:0, instance:com.crm.qa.testcases.LoginTest@3012646b]" started-at="2023-08-16T21:24:06 EDT" name="createNewUserAccount" data-provider="getCRMRegistrationData" finished-at="2023-08-16T21:24:15 EDT" duration-ms="9096" status="PASS">
          <params>
            <param index="0">
              <value>
                <![CDATA[Sayon]]>
              </value>
            </param>
            <param index="1">
              <value>
                <![CDATA[Das]]>
              </value>
            </param>
            <param index="2">
              <value>
                <![CDATA[SDET]]>
              </value>
            </param>
          </params>
          <reporter-output>
          </reporter-output>
        </test-method> <!-- createNewUserAccount -->
        <test-method is-config="true" signature="tearDown()[pri:0, instance:com.crm.qa.testcases.LoginTest@3012646b]" started-at="2023-08-16T21:24:15 EDT" name="tearDown" finished-at="2023-08-16T21:24:16 EDT" duration-ms="196" status="PASS">
          <reporter-output>
          </reporter-output>
        </test-method> <!-- tearDown -->
        <test-method is-config="true" signature="setUp()[pri:0, instance:com.crm.qa.testcases.LoginTest@3012646b]" started-at="2023-08-16T21:24:16 EDT" name="setUp" finished-at="2023-08-16T21:24:20 EDT" duration-ms="4444" status="PASS">
          <reporter-output>
          </reporter-output>
        </test-method> <!-- setUp -->
        <test-method signature="createNewUserAccount(java.lang.String,java.lang.String,java.lang.String)[pri:0, instance:com.crm.qa.testcases.LoginTest@3012646b]" started-at="2023-08-16T21:24:20 EDT" name="createNewUserAccount" data-provider="getCRMRegistrationData" finished-at="2023-08-16T21:24:30 EDT" duration-ms="9694" status="PASS">
          <params>
            <param index="0">
              <value>
                <![CDATA[Elkhan]]>
              </value>
            </param>
            <param index="1">
              <value>
                <![CDATA[N]]>
              </value>
            </param>
            <param index="2">
              <value>
                <![CDATA[Automation Tester]]>
              </value>
            </param>
          </params>
          <reporter-output>
          </reporter-output>
        </test-method> <!-- createNewUserAccount -->
        <test-method is-config="true" signature="tearDown()[pri:0, instance:com.crm.qa.testcases.LoginTest@3012646b]" started-at="2023-08-16T21:24:30 EDT" name="tearDown" finished-at="2023-08-16T21:24:30 EDT" duration-ms="138" status="PASS">
          <reporter-output>
          </reporter-output>
        </test-method> <!-- tearDown -->
      </class> <!-- com.crm.qa.testcases.LoginTest -->
    </test> <!-- Default test -->
  </suite> <!-- Default suite -->
</testng-results>
