<?xml version="1.0" encoding="UTF-8"?>
<testng-results ignored="0" total="2" passed="2" failed="0" skipped="0">
  <reporter-output>
  </reporter-output>
  <suite started-at="2023-08-12T13:07:03 EDT" name="Default suite" finished-at="2023-08-12T13:07:22 EDT" duration-ms="19160">
    <groups>
    </groups>
    <test started-at="2023-08-12T13:07:03 EDT" name="Default test" finished-at="2023-08-12T13:07:22 EDT" duration-ms="19160">
      <class name="com.crm.qa.testcases.LoginTest">
        <test-method is-config="true" signature="setUp()[pri:0, instance:com.crm.qa.testcases.LoginTest@51c668e3]" started-at="2023-08-12T13:07:03 EDT" name="setUp" finished-at="2023-08-12T13:07:07 EDT" duration-ms="3615" status="PASS">
          <reporter-output>
          </reporter-output>
        </test-method> <!-- setUp -->
        <test-method signature="createNewUserAccount(java.lang.String,java.lang.String,java.lang.String)[pri:0, instance:com.crm.qa.testcases.LoginTest@51c668e3]" started-at="2023-08-12T13:07:07 EDT" name="createNewUserAccount" data-provider="getCRMRegistrationData" finished-at="2023-08-12T13:07:14 EDT" duration-ms="7153" status="PASS">
          <params>
            <param index="0">
              <value>
                <![CDATA[Sayon]]>
              </value>
            </param>
            <param index="1">
              <value>
                <![CDATA[Das]]>
              </value>
            </param>
            <param index="2">
              <value>
                <![CDATA[SDET]]>
              </value>
            </param>
          </params>
          <reporter-output>
          </reporter-output>
        </test-method> <!-- createNewUserAccount -->
        <test-method is-config="true" signature="tearDown()[pri:0, instance:com.crm.qa.testcases.LoginTest@51c668e3]" started-at="2023-08-12T13:07:14 EDT" name="tearDown" finished-at="2023-08-12T13:07:14 EDT" duration-ms="137" status="PASS">
          <reporter-output>
          </reporter-output>
        </test-method> <!-- tearDown -->
        <test-method is-config="true" signature="setUp()[pri:0, instance:com.crm.qa.testcases.LoginTest@51c668e3]" started-at="2023-08-12T13:07:14 EDT" name="setUp" finished-at="2023-08-12T13:07:16 EDT" duration-ms="1620" status="PASS">
          <reporter-output>
          </reporter-output>
        </test-method> <!-- setUp -->
        <test-method signature="createNewUserAccount(java.lang.String,java.lang.String,java.lang.String)[pri:0, instance:com.crm.qa.testcases.LoginTest@51c668e3]" started-at="2023-08-12T13:07:16 EDT" name="createNewUserAccount" data-provider="getCRMRegistrationData" finished-at="2023-08-12T13:07:22 EDT" duration-ms="5867" status="PASS">
          <params>
            <param index="0">
              <value>
                <![CDATA[Elkhan]]>
              </value>
            </param>
            <param index="1">
              <value>
                <![CDATA[N]]>
              </value>
            </param>
            <param index="2">
              <value>
                <![CDATA[Automation Tester]]>
              </value>
            </param>
          </params>
          <reporter-output>
          </reporter-output>
        </test-method> <!-- createNewUserAccount -->
        <test-method is-config="true" signature="tearDown()[pri:0, instance:com.crm.qa.testcases.LoginTest@51c668e3]" started-at="2023-08-12T13:07:22 EDT" name="tearDown" finished-at="2023-08-12T13:07:22 EDT" duration-ms="123" status="PASS">
          <reporter-output>
          </reporter-output>
        </test-method> <!-- tearDown -->
      </class> <!-- com.crm.qa.testcases.LoginTest -->
    </test> <!-- Default test -->
  </suite> <!-- Default suite -->
</testng-results>
